<?xml version="1.0" encoding="UTF-8"?>
<testsuite xmlns:xsi="http://www.w3.org/2001/XMLSchema-instance" xsi:noNamespaceSchemaLocation="https://maven.apache.org/surefire/maven-surefire-plugin/xsd/surefire-test-report-3.0.xsd" version="3.0" name="TestSuite" time="29.461" tests="1" errors="0" skipped="0" failures="1">
  <properties>
[...]
</properties>
  <testcase name="moduleUpTesting" classname="com.eraktkosh.seleniumtesting.ModuleUpTesting" time="28.871">
    <failure message="Unable to locate element: /html/body/form/div[1]/div[3]/div[1]/div/div/ul/li[10]/ul/li[3]/a&#10;For documentation on this error, please visit: https://www.seleniumhq.org/exceptions/no_such_element.html&#10;Build info: version: &apos;3.141.59&apos;, revision: &apos;e82be7d358&apos;, time: &apos;2018-11-14T08:17:03&apos;&#10;System info: host: &apos;VOYAGER&apos;, ip: &apos;10.226.24.194&apos;, os.name: &apos;Windows 10&apos;, os.arch: &apos;amd64&apos;, os.version: &apos;10.0&apos;, java.version: &apos;1.8.0_251&apos;&#10;Driver info: org.openqa.selenium.firefox.FirefoxDriver&#10;Capabilities {acceptInsecureCerts: true, browserName: firefox, browserVersion: 79.0, javascriptEnabled: true, moz:accessibilityChecks: false, moz:buildID: 20200720193547, moz:geckodriverVersion: 0.27.0, moz:headless: false, moz:processID: 19244, moz:profile: C:\Users\HP\AppData\Local\T..., moz:shutdownTimeout: 60000, moz:useNonSpecCompliantPointerOrigin: false, moz:webdriverClick: true, pageLoadStrategy: normal, platform: WINDOWS, platformName: WINDOWS, platformVersion: 10.0, rotatable: false, setWindowRect: true, strictFileInteractability: false, timeouts: {implicit: 0, pageLoad: 300000, script: 30000}, unhandledPromptBehavior: dismiss and notify}&#10;Session ID: 9eae74ac-2f3a-4a64-9f3c-d8e46fc1374d&#10;*** Element info: {Using=xpath, value=/html/body/form/div[1]/div[3]/div[1]/div/div/ul/li[10]/ul/li[3]/a}" type="org.openqa.selenium.NoSuchElementException"><![CDATA[org.openqa.selenium.NoSuchElementException: 
Unable to locate element: /html/body/form/div[1]/div[3]/div[1]/div/div/ul/li[10]/ul/li[3]/a
For documentation on this error, please visit: https://www.seleniumhq.org/exceptions/no_such_element.html
Build info: version: '3.141.59', revision: 'e82be7d358', time: '2018-11-14T08:17:03'
System info: host: 'VOYAGER', ip: '10.226.24.194', os.name: 'Windows 10', os.arch: 'amd64', os.version: '10.0', java.version: '1.8.0_251'
Driver info: org.openqa.selenium.firefox.FirefoxDriver
Capabilities {acceptInsecureCerts: true, browserName: firefox, browserVersion: 79.0, javascriptEnabled: true, moz:accessibilityChecks: false, moz:buildID: 20200720193547, moz:geckodriverVersion: 0.27.0, moz:headless: false, moz:processID: 19244, moz:profile: C:\Users\HP\AppData\Local\T..., moz:shutdownTimeout: 60000, moz:useNonSpecCompliantPointerOrigin: false, moz:webdriverClick: true, pageLoadStrategy: normal, platform: WINDOWS, platformName: WINDOWS, platformVersion: 10.0, rotatable: false, setWindowRect: true, strictFileInteractability: false, timeouts: {implicit: 0, pageLoad: 300000, script: 30000}, unhandledPromptBehavior: dismiss and notify}
Session ID: 9eae74ac-2f3a-4a64-9f3c-d8e46fc1374d
*** Element info: {Using=xpath, value=/html/body/form/div[1]/div[3]/div[1]/div/div/ul/li[10]/ul/li[3]/a}
	at com.eraktkosh.seleniumtesting.ModuleUpTesting.moduleUpTesting(ModuleUpTesting.java:53)
]]></failure>
    <system-out><![CDATA[Login Application
]]></system-out>
    <system-err><![CDATA[1597266094481	geckodriver	INFO	Listening on 127.0.0.1:1167
1597266095115	mozrunner::runner	INFO	Running command: "C:\\Program Files\\Mozilla Firefox\\firefox.exe" "--marionette" "-foreground" "-no-remote" "-profile" "C:\\Users\\HP\\AppData\\Local\\Temp\\rust_mozprofilepEh0P3"
JavaScript error: resource://gre/modules/XULStore.jsm, line 66: Error: Can't find profile directory.
console.error: SearchCache: "_readCacheFile: Error reading cache file:" (new Error("", "(unknown module)"))
1597266098100	Marionette	INFO	Listening on port 62416
1597266098289	Marionette	WARN	TLS certificate errors will be ignored for this session
Aug 13, 2020 2:31:38 AM org.openqa.selenium.remote.ProtocolHandshake createSession
INFO: Detected dialect: W3C
JavaScript warning: http://10.10.10.78:8380/HIS/hisglobal/js/jquery.js, line 2: Using //@ to indicate sourceMappingURL pragmas is deprecated. Use //# instead
JavaScript warning: http://10.10.10.78:8380/HIS/hisglobal/js/jquery/jquery.easyui.min.js, line 7595: unreachable code after return statement
JavaScript warning: http://10.10.10.78:8380/HIS/hisglobal/js/tabmenu/jquery/jquery.easyui.min.js, line 7595: unreachable code after return statement
JavaScript error: http://10.10.10.78:8380/eRaktKosh/hissso/loginLogin, line 841: TypeError: $(...).offset() is undefined
JavaScript warning: http://10.10.10.78:8380/HIS/hisglobal/js/jquery.js, line 2: Using //@ to indicate sourceMappingURL pragmas is deprecated. Use //# instead
JavaScript warning: http://10.10.10.78:8380/HIS/hisglobal/js/jquery.js, line 2: Using //@ to indicate sourceMappingURL pragmas is deprecated. Use //# instead
JavaScript warning: http://10.10.10.78:8380/HIS/hisglobal/js/jquery.js, line 2: Using //@ to indicate sourceMappingURL pragmas is deprecated. Use //# instead
JavaScript warning: http://10.10.10.78:8380/HISInvestigationG5/new_investigation/js/appointment.js, line 448: unreachable code after return statement
JavaScript warning: http://10.10.10.78:8380/HISInvestigationG5/new_investigation/js/appointment.js, line 461: unreachable code after return statement
JavaScript warning: http://10.10.10.78:8380/HIS/hisglobal/js/jquery/jquery-2.0.3.min.js, line 2: Using //@ to indicate sourceMappingURL pragmas is deprecated. Use //# instead
]]></system-err>
  </testcase>
</testsuite>